0 info it worked if it ends with ok
1 verbose cli [ '/usr/bin/node',
1 verbose cli   '/usr/bin/npm',
1 verbose cli   'install',
1 verbose cli   'express',
1 verbose cli   'body-parser',
1 verbose cli   'cookie-parser',
1 verbose cli   'connect-flash',
1 verbose cli   '--save' ]
2 info using npm@1.4.21
3 info using node@v8.11.1
4 warn package.json home@1.0.0 No description
5 warn package.json copy-descriptor@0.1.1 No README data
6 warn package.json get-value@2.0.6 No README data
7 warn package.json object-copy@0.1.0 No README data
8 warn package.json static-extend@0.1.2 No README data
9 warn package.json append@0.1.1 No license field.
10 warn package.json async@0.2.10 No license field.
11 warn package.json confdir@0.0.2 No license field.
12 warn package.json connect-flash@0.1.1 No license field.
13 warn package.json denque@1.3.0 license should be a valid SPDX license expression
14 warn package.json html@1.0.0 license should be a valid SPDX license expression
15 warn package.json optimist@0.6.1 license should be a valid SPDX license expression
16 warn package.json paramalama@0.2.0 No license field.
17 warn package.json properjs-controller@0.2.0 No license field.
18 warn package.json properjs-matchelement@0.3.0 No license field.
19 warn package.json properjs-matchroute@0.2.0 No license field.
20 warn package.json properjs-pagecontroller@0.4.4 No license field.
21 warn package.json properjs-pushstate@0.3.4 No license field.
22 warn package.json properjs-router@0.4.1 No license field.
23 warn package.json pub@0.2.0 No license field.
24 warn package.json rechoir@0.6.2 No license field.
25 warn package.json seq-queue@0.0.5 No license field.
26 warn package.json source-map@0.1.34 No license field.
27 warn package.json string_decoder@1.1.1 string_decoder is also the name of a node core module.
28 warn package.json uglify-js@2.4.24 license should be a valid SPDX license expression
29 warn package.json v8flags@3.1.1 No license field.
30 warn package.json window-size@0.1.0 No license field.
31 warn package.json yargs@3.5.4 license should be a valid SPDX license expression
32 verbose readDependencies using package.json deps
33 verbose cache add [ 'express@^4.16.4', null ]
34 verbose cache add name=undefined spec="express@^4.16.4" args=["express@^4.16.4",null]
35 verbose parsed url Url {
35 verbose parsed url   protocol: null,
35 verbose parsed url   slashes: null,
35 verbose parsed url   auth: null,
35 verbose parsed url   host: null,
35 verbose parsed url   port: null,
35 verbose parsed url   hostname: null,
35 verbose parsed url   hash: null,
35 verbose parsed url   search: null,
35 verbose parsed url   query: null,
35 verbose parsed url   pathname: 'express@%5E4.16.4',
35 verbose parsed url   path: 'express@%5E4.16.4',
35 verbose parsed url   href: 'express@%5E4.16.4' }
36 verbose cache add [ 'body-parser@^1.18.3', null ]
37 verbose cache add name=undefined spec="body-parser@^1.18.3" args=["body-parser@^1.18.3",null]
38 verbose parsed url Url {
38 verbose parsed url   protocol: null,
38 verbose parsed url   slashes: null,
38 verbose parsed url   auth: null,
38 verbose parsed url   host: null,
38 verbose parsed url   port: null,
38 verbose parsed url   hostname: null,
38 verbose parsed url   hash: null,
38 verbose parsed url   search: null,
38 verbose parsed url   query: null,
38 verbose parsed url   pathname: 'body-parser@%5E1.18.3',
38 verbose parsed url   path: 'body-parser@%5E1.18.3',
38 verbose parsed url   href: 'body-parser@%5E1.18.3' }
39 verbose cache add [ 'cookie-parser@^1.4.3', null ]
40 verbose cache add name=undefined spec="cookie-parser@^1.4.3" args=["cookie-parser@^1.4.3",null]
41 verbose parsed url Url {
41 verbose parsed url   protocol: null,
41 verbose parsed url   slashes: null,
41 verbose parsed url   auth: null,
41 verbose parsed url   host: null,
41 verbose parsed url   port: null,
41 verbose parsed url   hostname: null,
41 verbose parsed url   hash: null,
41 verbose parsed url   search: null,
41 verbose parsed url   query: null,
41 verbose parsed url   pathname: 'cookie-parser@%5E1.4.3',
41 verbose parsed url   path: 'cookie-parser@%5E1.4.3',
41 verbose parsed url   href: 'cookie-parser@%5E1.4.3' }
42 verbose cache add [ 'connect-flash@^0.1.1', null ]
43 verbose cache add name=undefined spec="connect-flash@^0.1.1" args=["connect-flash@^0.1.1",null]
44 verbose parsed url Url {
44 verbose parsed url   protocol: null,
44 verbose parsed url   slashes: null,
44 verbose parsed url   auth: null,
44 verbose parsed url   host: null,
44 verbose parsed url   port: null,
44 verbose parsed url   hostname: null,
44 verbose parsed url   hash: null,
44 verbose parsed url   search: null,
44 verbose parsed url   query: null,
44 verbose parsed url   pathname: 'connect-flash@%5E0.1.1',
44 verbose parsed url   path: 'connect-flash@%5E0.1.1',
44 verbose parsed url   href: 'connect-flash@%5E0.1.1' }
45 verbose cache add name="express" spec="^4.16.4" args=["express","^4.16.4"]
46 verbose parsed url Url {
46 verbose parsed url   protocol: null,
46 verbose parsed url   slashes: null,
46 verbose parsed url   auth: null,
46 verbose parsed url   host: null,
46 verbose parsed url   port: null,
46 verbose parsed url   hostname: null,
46 verbose parsed url   hash: null,
46 verbose parsed url   search: null,
46 verbose parsed url   query: null,
46 verbose parsed url   pathname: '%5E4.16.4',
46 verbose parsed url   path: '%5E4.16.4',
46 verbose parsed url   href: '%5E4.16.4' }
47 verbose addNamed [ 'express', '^4.16.4' ]
48 verbose addNamed [ null, '>=4.16.4 <5.0.0' ]
49 verbose cache add name="body-parser" spec="^1.18.3" args=["body-parser","^1.18.3"]
50 verbose parsed url Url {
50 verbose parsed url   protocol: null,
50 verbose parsed url   slashes: null,
50 verbose parsed url   auth: null,
50 verbose parsed url   host: null,
50 verbose parsed url   port: null,
50 verbose parsed url   hostname: null,
50 verbose parsed url   hash: null,
50 verbose parsed url   search: null,
50 verbose parsed url   query: null,
50 verbose parsed url   pathname: '%5E1.18.3',
50 verbose parsed url   path: '%5E1.18.3',
50 verbose parsed url   href: '%5E1.18.3' }
51 verbose addNamed [ 'body-parser', '^1.18.3' ]
52 verbose addNamed [ null, '>=1.18.3 <2.0.0' ]
53 verbose cache add name="cookie-parser" spec="^1.4.3" args=["cookie-parser","^1.4.3"]
54 verbose parsed url Url {
54 verbose parsed url   protocol: null,
54 verbose parsed url   slashes: null,
54 verbose parsed url   auth: null,
54 verbose parsed url   host: null,
54 verbose parsed url   port: null,
54 verbose parsed url   hostname: null,
54 verbose parsed url   hash: null,
54 verbose parsed url   search: null,
54 verbose parsed url   query: null,
54 verbose parsed url   pathname: '%5E1.4.3',
54 verbose parsed url   path: '%5E1.4.3',
54 verbose parsed url   href: '%5E1.4.3' }
55 verbose addNamed [ 'cookie-parser', '^1.4.3' ]
56 verbose addNamed [ null, '>=1.4.3 <2.0.0' ]
57 verbose cache add name="connect-flash" spec="^0.1.1" args=["connect-flash","^0.1.1"]
58 verbose parsed url Url {
58 verbose parsed url   protocol: null,
58 verbose parsed url   slashes: null,
58 verbose parsed url   auth: null,
58 verbose parsed url   host: null,
58 verbose parsed url   port: null,
58 verbose parsed url   hostname: null,
58 verbose parsed url   hash: null,
58 verbose parsed url   search: null,
58 verbose parsed url   query: null,
58 verbose parsed url   pathname: '%5E0.1.1',
58 verbose parsed url   path: '%5E0.1.1',
58 verbose parsed url   href: '%5E0.1.1' }
59 verbose addNamed [ 'connect-flash', '^0.1.1' ]
60 verbose addNamed [ null, '>=0.1.1 <0.2.0' ]
61 silly lockFile 9255a95c-express-4-16-4 express@^4.16.4
62 verbose lock express@^4.16.4 /root/.npm/9255a95c-express-4-16-4.lock
63 silly lockFile b25c3fef-body-parser-1-18-3 body-parser@^1.18.3
64 verbose lock body-parser@^1.18.3 /root/.npm/b25c3fef-body-parser-1-18-3.lock
65 silly lockFile 13c7315a-cookie-parser-1-4-3 cookie-parser@^1.4.3
66 verbose lock cookie-parser@^1.4.3 /root/.npm/13c7315a-cookie-parser-1-4-3.lock
67 silly lockFile d054a924-connect-flash-0-1-1 connect-flash@^0.1.1
68 verbose lock connect-flash@^0.1.1 /root/.npm/d054a924-connect-flash-0-1-1.lock
69 silly addNameRange { name: 'express', range: '>=4.16.4 <5.0.0', hasData: false }
70 silly addNameRange { name: 'body-parser', range: '>=1.18.3 <2.0.0', hasData: false }
71 silly addNameRange { name: 'cookie-parser',
71 silly addNameRange   range: '>=1.4.3 <2.0.0',
71 silly addNameRange   hasData: false }
72 silly addNameRange { name: 'connect-flash',
72 silly addNameRange   range: '>=0.1.1 <0.2.0',
72 silly addNameRange   hasData: false }
73 verbose request where is /cookie-parser
74 verbose request registry https://registry.npmjs.org/
75 verbose request id d7206e3cfcb15599
76 verbose url raw /cookie-parser
77 verbose url resolving [ 'https://registry.npmjs.org/', './cookie-parser' ]
78 verbose url resolved https://registry.npmjs.org/cookie-parser
79 verbose request where is https://registry.npmjs.org/cookie-parser
80 info trying registry request attempt 1 at 17:22:46
81 verbose etag W/"87e21b2ea878ee14762dc2cda7b03a6e"
82 http GET https://registry.npmjs.org/cookie-parser
83 verbose request where is /connect-flash
84 verbose request registry https://registry.npmjs.org/
85 verbose url raw /connect-flash
86 verbose url resolving [ 'https://registry.npmjs.org/', './connect-flash' ]
87 verbose url resolved https://registry.npmjs.org/connect-flash
88 verbose request where is https://registry.npmjs.org/connect-flash
89 info trying registry request attempt 1 at 17:22:46
90 verbose etag W/"9d6bf54d2fded8f4bc30321137e7ca37"
91 http GET https://registry.npmjs.org/connect-flash
92 verbose request where is /body-parser
93 verbose request registry https://registry.npmjs.org/
94 verbose url raw /body-parser
95 verbose url resolving [ 'https://registry.npmjs.org/', './body-parser' ]
96 verbose url resolved https://registry.npmjs.org/body-parser
97 verbose request where is https://registry.npmjs.org/body-parser
98 info trying registry request attempt 1 at 17:22:46
99 verbose etag W/"e5cb93ba6e2116ce7a8d23e96b9eaabf"
100 http GET https://registry.npmjs.org/body-parser
101 verbose request where is /express
102 verbose request registry https://registry.npmjs.org/
103 verbose url raw /express
104 verbose url resolving [ 'https://registry.npmjs.org/', './express' ]
105 verbose url resolved https://registry.npmjs.org/express
106 verbose request where is https://registry.npmjs.org/express
107 info trying registry request attempt 1 at 17:22:46
108 verbose etag W/"95343702d4b33f3274400c9d5ec770d8"
109 http GET https://registry.npmjs.org/express
110 http 304 https://registry.npmjs.org/cookie-parser
111 silly registry.get cb [ 304,
111 silly registry.get   { date: 'Thu, 29 Nov 2018 16:22:46 GMT',
111 silly registry.get     connection: 'close',
111 silly registry.get     'set-cookie':
111 silly registry.get      [ '__cfduid=d621c4c592ef0fcd40f66633b02cec63d1543508566; expires=Fri, 29-Nov-19 16:22:46 GMT; path=/; domain=.registry.npmjs.org; HttpOnly' ],
111 silly registry.get     'cf-cache-status': 'HIT',
111 silly registry.get     'cache-control': 'max-age=300',
111 silly registry.get     'cf-ray': '48166a3e08b46b19-WAW',
111 silly registry.get     etag: '"87e21b2ea878ee14762dc2cda7b03a6e"',
111 silly registry.get     'expect-ct': 'max-age=604800, report-uri="https://report-uri.cloudflare.com/cdn-cgi/beacon/expect-ct"',
111 silly registry.get     'last-modified': 'Thu, 02 Aug 2018 09:57:52 GMT',
111 silly registry.get     vary: 'accept-encoding, accept',
111 silly registry.get     server: 'cloudflare' } ]
112 verbose etag https://registry.npmjs.org/cookie-parser from cache
113 http 304 https://registry.npmjs.org/body-parser
114 silly registry.get cb [ 304,
114 silly registry.get   { date: 'Thu, 29 Nov 2018 16:22:46 GMT',
114 silly registry.get     connection: 'close',
114 silly registry.get     'set-cookie':
114 silly registry.get      [ '__cfduid=da9bdaf79cc7ee2376c16c326cf8514201543508566; expires=Fri, 29-Nov-19 16:22:46 GMT; path=/; domain=.registry.npmjs.org; HttpOnly' ],
114 silly registry.get     'cf-cache-status': 'HIT',
114 silly registry.get     'cache-control': 'max-age=300',
114 silly registry.get     'cf-ray': '48166a3e1fd96b13-WAW',
114 silly registry.get     etag: '"e5cb93ba6e2116ce7a8d23e96b9eaabf"',
114 silly registry.get     'expect-ct': 'max-age=604800, report-uri="https://report-uri.cloudflare.com/cdn-cgi/beacon/expect-ct"',
114 silly registry.get     'last-modified': 'Wed, 07 Nov 2018 22:53:34 GMT',
114 silly registry.get     vary: 'accept-encoding, accept',
114 silly registry.get     'x-amz-meta-rev': '789-7256c80b541f12145915552eb20377fc',
114 silly registry.get     server: 'cloudflare' } ]
115 verbose etag https://registry.npmjs.org/body-parser from cache
116 http 304 https://registry.npmjs.org/express
117 silly registry.get cb [ 304,
117 silly registry.get   { date: 'Thu, 29 Nov 2018 16:22:46 GMT',
117 silly registry.get     connection: 'close',
117 silly registry.get     'set-cookie':
117 silly registry.get      [ '__cfduid=d27a4ddc778e387119b8b7b71a98dac0c1543508566; expires=Fri, 29-Nov-19 16:22:46 GMT; path=/; domain=.registry.npmjs.org; HttpOnly' ],
117 silly registry.get     'cf-cache-status': 'HIT',
117 silly registry.get     'cache-control': 'max-age=300',
117 silly registry.get     'cf-ray': '48166a3e2df5b87d-WAW',
117 silly registry.get     etag: '"95343702d4b33f3274400c9d5ec770d8"',
117 silly registry.get     'expect-ct': 'max-age=604800, report-uri="https://report-uri.cloudflare.com/cdn-cgi/beacon/expect-ct"',
117 silly registry.get     'last-modified': 'Mon, 19 Nov 2018 17:32:42 GMT',
117 silly registry.get     vary: 'accept-encoding, accept',
117 silly registry.get     'x-amz-meta-rev': '3870-d1c4bcd52d2646697ac63b024e29cf68',
117 silly registry.get     server: 'cloudflare' } ]
118 verbose etag https://registry.npmjs.org/express from cache
119 silly addNameRange number 2 { name: 'cookie-parser', range: '>=1.4.3 <2.0.0', hasData: true }
120 silly addNameRange versions [ 'cookie-parser',
120 silly addNameRange   [ '1.0.0',
120 silly addNameRange     '1.0.1',
120 silly addNameRange     '1.1.0',
120 silly addNameRange     '1.2.0',
120 silly addNameRange     '1.3.0',
120 silly addNameRange     '1.3.1',
120 silly addNameRange     '1.3.2',
120 silly addNameRange     '1.3.3',
120 silly addNameRange     '1.3.4',
120 silly addNameRange     '1.3.5',
120 silly addNameRange     '1.4.0',
120 silly addNameRange     '1.4.1',
120 silly addNameRange     '1.4.2',
120 silly addNameRange     '1.4.3' ] ]
121 verbose addNamed [ 'cookie-parser', '1.4.3' ]
122 verbose addNamed [ '1.4.3', '1.4.3' ]
123 silly lockFile fa8c12b2-cookie-parser-1-4-3 cookie-parser@1.4.3
124 verbose lock cookie-parser@1.4.3 /root/.npm/fa8c12b2-cookie-parser-1-4-3.lock
125 silly addNameRange number 2 { name: 'body-parser', range: '>=1.18.3 <2.0.0', hasData: true }
126 silly addNameRange versions [ 'body-parser',
126 silly addNameRange   [ '1.0.0',
126 silly addNameRange     '1.0.1',
126 silly addNameRange     '1.0.2',
126 silly addNameRange     '1.1.0',
126 silly addNameRange     '1.1.1',
126 silly addNameRange     '1.1.2',
126 silly addNameRange     '1.2.0',
126 silly addNameRange     '1.2.1',
126 silly addNameRange     '1.2.2',
126 silly addNameRange     '1.3.0',
126 silly addNameRange     '1.3.1',
126 silly addNameRange     '1.4.0',
126 silly addNameRange     '1.4.1',
126 silly addNameRange     '1.4.2',
126 silly addNameRange     '1.4.3',
126 silly addNameRange     '1.5.0',
126 silly addNameRange     '1.5.1',
126 silly addNameRange     '1.5.2',
126 silly addNameRange     '1.6.0',
126 silly addNameRange     '1.6.1',
126 silly addNameRange     '1.6.2',
126 silly addNameRange     '1.6.3',
126 silly addNameRange     '1.6.4',
126 silly addNameRange     '1.6.5',
126 silly addNameRange     '1.6.6',
126 silly addNameRange     '1.6.7',
126 silly addNameRange     '1.7.0',
126 silly addNameRange     '1.8.0',
126 silly addNameRange     '1.8.1',
126 silly addNameRange     '1.8.2',
126 silly addNameRange     '1.8.3',
126 silly addNameRange     '1.8.4',
126 silly addNameRange     '1.9.0',
126 silly addNameRange     '1.9.1',
126 silly addNameRange     '1.9.2',
126 silly addNameRange     '1.9.3',
126 silly addNameRange     '1.10.0',
126 silly addNameRange     '1.10.1',
126 silly addNameRange     '1.10.2',
126 silly addNameRange     '1.11.0',
126 silly addNameRange     '1.12.0',
126 silly addNameRange     '1.12.1',
126 silly addNameRange     '1.12.2',
126 silly addNameRange     '1.12.3',
126 silly addNameRange     '1.12.4',
126 silly addNameRange     '1.13.0',
126 silly addNameRange     '1.13.1',
126 silly addNameRange     '1.13.2',
126 silly addNameRange     '1.13.3',
126 silly addNameRange     '1.14.0',
126 silly addNameRange     '1.14.1',
126 silly addNameRange     '1.14.2',
126 silly addNameRange     '1.15.0',
126 silly addNameRange     '1.15.1',
126 silly addNameRange     '1.15.2',
126 silly addNameRange     '1.16.0',
126 silly addNameRange     '1.16.1',
126 silly addNameRange     '1.17.0',
126 silly addNameRange     '1.17.1',
126 silly addNameRange     '1.17.2',
126 silly addNameRange     '1.18.0',
126 silly addNameRange     '1.18.1',
126 silly addNameRange     '1.18.2',
126 silly addNameRange     '1.18.3' ] ]
127 verbose addNamed [ 'body-parser', '1.18.3' ]
128 verbose addNamed [ '1.18.3', '1.18.3' ]
129 silly lockFile f960a818-body-parser-1-18-3 body-parser@1.18.3
130 verbose lock body-parser@1.18.3 /root/.npm/f960a818-body-parser-1-18-3.lock
131 silly addNameRange number 2 { name: 'express', range: '>=4.16.4 <5.0.0', hasData: true }
132 silly addNameRange versions [ 'express',
132 silly addNameRange   [ '0.14.0',
132 silly addNameRange     '0.14.1',
132 silly addNameRange     '1.0.0',
132 silly addNameRange     '1.0.1',
132 silly addNameRange     '1.0.2',
132 silly addNameRange     '1.0.3',
132 silly addNameRange     '1.0.4',
132 silly addNameRange     '1.0.5',
132 silly addNameRange     '1.0.6',
132 silly addNameRange     '1.0.7',
132 silly addNameRange     '1.0.8',
132 silly addNameRange     '2.0.0',
132 silly addNameRange     '2.1.0',
132 silly addNameRange     '2.1.1',
132 silly addNameRange     '2.2.0',
132 silly addNameRange     '2.2.1',
132 silly addNameRange     '2.2.2',
132 silly addNameRange     '2.3.0',
132 silly addNameRange     '2.3.1',
132 silly addNameRange     '2.3.2',
132 silly addNameRange     '2.3.3',
132 silly addNameRange     '2.3.4',
132 silly addNameRange     '2.3.5',
132 silly addNameRange     '2.3.6',
132 silly addNameRange     '2.3.7',
132 silly addNameRange     '2.3.8',
132 silly addNameRange     '2.3.9',
132 silly addNameRange     '2.3.10',
132 silly addNameRange     '2.3.11',
132 silly addNameRange     '2.3.12',
132 silly addNameRange     '2.4.0',
132 silly addNameRange     '2.4.1',
132 silly addNameRange     '2.4.2',
132 silly addNameRange     '2.4.3',
132 silly addNameRange     '2.4.4',
132 silly addNameRange     '2.4.5',
132 silly addNameRange     '2.4.6',
132 silly addNameRange     '2.4.7',
132 silly addNameRange     '2.5.0',
132 silly addNameRange     '2.5.1',
132 silly addNameRange     '2.5.2',
132 silly addNameRange     '2.5.3',
132 silly addNameRange     '2.5.4',
132 silly addNameRange     '2.5.5',
132 silly addNameRange     '2.5.6',
132 silly addNameRange     '2.5.7',
132 silly addNameRange     '2.5.8',
132 silly addNameRange     '2.5.9',
132 silly addNameRange     '2.5.10',
132 silly addNameRange     '2.5.11',
132 silly addNameRange     '3.0.0',
132 silly addNameRange     '3.0.1',
132 silly addNameRange     '3.0.2',
132 silly addNameRange     '3.0.3',
132 silly addNameRange     '3.0.4',
132 silly addNameRange     '3.0.5',
132 silly addNameRange     '3.0.6',
132 silly addNameRange     '3.1.0',
132 silly addNameRange     '3.1.1',
132 silly addNameRange     '3.1.2',
132 silly addNameRange     '3.2.0',
132 silly addNameRange     '3.2.1',
132 silly addNameRange     '3.2.2',
132 silly addNameRange     '3.2.3',
132 silly addNameRange     '3.2.4',
132 silly addNameRange     '3.2.5',
132 silly addNameRange     '3.2.6',
132 silly addNameRange     '3.3.0',
132 silly addNameRange     '3.3.1',
132 silly addNameRange     '3.3.2',
132 silly addNameRange     '3.3.3',
132 silly addNameRange     '3.3.4',
132 silly addNameRange     '3.3.5',
132 silly addNameRange     '3.3.6',
132 silly addNameRange     '1.0.0-beta',
132 silly addNameRange     '1.0.0-beta2',
132 silly addNameRange     '1.0.0-rc',
132 silly addNameRange     '1.0.0-rc2',
132 silly addNameRange     '1.0.0-rc3',
132 silly addNameRange     '1.0.0-rc4',
132 silly addNameRange     '2.0.0-beta',
132 silly addNameRange     '2.0.0-beta2',
132 silly addNameRange     '2.0.0-beta3',
132 silly addNameRange     '2.0.0-rc',
132 silly addNameRange     '2.0.0-rc2',
132 silly addNameRange     '2.0.0-rc3',
132 silly addNameRange     '3.0.0-alpha1',
132 silly addNameRange     '3.0.0-alpha2',
132 silly addNameRange     '3.0.0-alpha3',
132 silly addNameRange     '3.0.0-alpha4',
132 silly addNameRange     '3.0.0-alpha5',
132 silly addNameRange     '3.0.0-beta1',
132 silly addNameRange     '3.0.0-beta2',
132 silly addNameRange     '3.0.0-beta3',
132 silly addNameRange     '3.0.0-beta4',
132 silly addNameRange     '3.0.0-beta6',
132 silly addNameRange     '3.0.0-beta7',
132 silly addNameRange     '3.0.0-rc1',
132 silly addNameRange     '3.0.0-rc2',
132 silly addNameRange     '3.0.0-rc3',
132 silly addNameRange     ... 161 more items ] ]
133 verbose addNamed [ 'express', '4.16.4' ]
134 verbose addNamed [ '4.16.4', '4.16.4' ]
135 silly lockFile c58d205e-express-4-16-4 express@4.16.4
136 verbose lock express@4.16.4 /root/.npm/c58d205e-express-4-16-4.lock
137 silly lockFile fa8c12b2-cookie-parser-1-4-3 cookie-parser@1.4.3
138 silly lockFile fa8c12b2-cookie-parser-1-4-3 cookie-parser@1.4.3
139 silly lockFile f960a818-body-parser-1-18-3 body-parser@1.18.3
140 silly lockFile f960a818-body-parser-1-18-3 body-parser@1.18.3
141 silly lockFile 13c7315a-cookie-parser-1-4-3 cookie-parser@^1.4.3
142 silly lockFile 13c7315a-cookie-parser-1-4-3 cookie-parser@^1.4.3
143 silly lockFile b25c3fef-body-parser-1-18-3 body-parser@^1.18.3
144 silly lockFile b25c3fef-body-parser-1-18-3 body-parser@^1.18.3
145 silly lockFile c58d205e-express-4-16-4 express@4.16.4
146 silly lockFile c58d205e-express-4-16-4 express@4.16.4
147 silly lockFile 9255a95c-express-4-16-4 express@^4.16.4
148 silly lockFile 9255a95c-express-4-16-4 express@^4.16.4
149 http 304 https://registry.npmjs.org/connect-flash
150 silly registry.get cb [ 304,
150 silly registry.get   { date: 'Thu, 29 Nov 2018 16:22:46 GMT',
150 silly registry.get     connection: 'close',
150 silly registry.get     'set-cookie':
150 silly registry.get      [ '__cfduid=d9eeaa4e90edcb3137575d3af3ac9e9661543508566; expires=Fri, 29-Nov-19 16:22:46 GMT; path=/; domain=.registry.npmjs.org; HttpOnly' ],
150 silly registry.get     'cf-cache-status': 'HIT',
150 silly registry.get     'cache-control': 'max-age=300',
150 silly registry.get     'cf-ray': '48166a3f0bebb85f-WAW',
150 silly registry.get     etag: '"9d6bf54d2fded8f4bc30321137e7ca37"',
150 silly registry.get     'expect-ct': 'max-age=604800, report-uri="https://report-uri.cloudflare.com/cdn-cgi/beacon/expect-ct"',
150 silly registry.get     'last-modified': 'Fri, 03 Aug 2018 00:32:06 GMT',
150 silly registry.get     vary: 'accept-encoding, accept',
150 silly registry.get     server: 'cloudflare' } ]
151 verbose etag https://registry.npmjs.org/connect-flash from cache
152 silly addNameRange number 2 { name: 'connect-flash', range: '>=0.1.1 <0.2.0', hasData: true }
153 silly addNameRange versions [ 'connect-flash', [ '0.1.0', '0.1.1' ] ]
154 verbose addNamed [ 'connect-flash', '0.1.1' ]
155 verbose addNamed [ '0.1.1', '0.1.1' ]
156 silly lockFile 0cdf4f98-connect-flash-0-1-1 connect-flash@0.1.1
157 verbose lock connect-flash@0.1.1 /root/.npm/0cdf4f98-connect-flash-0-1-1.lock
158 silly lockFile 0cdf4f98-connect-flash-0-1-1 connect-flash@0.1.1
159 silly lockFile 0cdf4f98-connect-flash-0-1-1 connect-flash@0.1.1
160 silly lockFile d054a924-connect-flash-0-1-1 connect-flash@^0.1.1
161 silly lockFile d054a924-connect-flash-0-1-1 connect-flash@^0.1.1
162 silly resolved [ { name: 'cookie-parser',
162 silly resolved     description: 'cookie parsing with signatures',
162 silly resolved     version: '1.4.3',
162 silly resolved     author:
162 silly resolved      { name: 'TJ Holowaychuk',
162 silly resolved        email: 'tj@vision-media.ca',
162 silly resolved        url: 'http://tjholowaychuk.com' },
162 silly resolved     contributors: [ [Object] ],
162 silly resolved     license: 'MIT',
162 silly resolved     repository:
162 silly resolved      { type: 'git',
162 silly resolved        url: 'git+https://github.com/expressjs/cookie-parser.git' },
162 silly resolved     keywords: [ 'cookie', 'middleware' ],
162 silly resolved     dependencies: { cookie: '0.3.1', 'cookie-signature': '1.0.6' },
162 silly resolved     devDependencies: { istanbul: '0.4.3', mocha: '2.5.3', supertest: '1.1.0' },
162 silly resolved     files: [ 'LICENSE', 'HISTORY.md', 'index.js' ],
162 silly resolved     engines: { node: '>= 0.8.0' },
162 silly resolved     scripts:
162 silly resolved      { test: 'mocha --reporter spec --bail --check-leaks test/',
162 silly resolved        'test-cov': 'istanbul cover node_modules/mocha/bin/_mocha -- --reporter dot --check-leaks test/',
162 silly resolved        'test-travis': 'istanbul cover node_modules/mocha/bin/_mocha --report lcovonly -- --reporter spec --check-leaks test/' },
162 silly resolved     gitHead: 'ad0b2cb834affe3929f0a690cd0494cd0b96d6be',
162 silly resolved     bugs: { url: 'https://github.com/expressjs/cookie-parser/issues' },
162 silly resolved     homepage: 'https://github.com/expressjs/cookie-parser',
162 silly resolved     _id: 'cookie-parser@1.4.3',
162 silly resolved     _shasum: '0fe31fa19d000b95f4aadf1f53fdc2b8a203baa5',
162 silly resolved     _from: 'cookie-parser@^1.4.3',
162 silly resolved     _npmVersion: '1.4.28',
162 silly resolved     _npmUser: { name: 'dougwilson', email: 'doug@somethingdoug.com' },
162 silly resolved     maintainers: [ [Object], [Object] ],
162 silly resolved     dist:
162 silly resolved      { shasum: '0fe31fa19d000b95f4aadf1f53fdc2b8a203baa5',
162 silly resolved        tarball: 'https://registry.npmjs.org/cookie-parser/-/cookie-parser-1.4.3.tgz' },
162 silly resolved     _npmOperationalInternal:
162 silly resolved      { host: 'packages-16-east.internal.npmjs.com',
162 silly resolved        tmp: 'tmp/cookie-parser-1.4.3.tgz_1464325360032_0.20419598533771932' },
162 silly resolved     directories: {},
162 silly resolved     _resolved: 'https://registry.npmjs.org/cookie-parser/-/cookie-parser-1.4.3.tgz',
162 silly resolved     readme: 'ERROR: No README data found!' },
162 silly resolved   { name: 'connect-flash',
162 silly resolved     version: '0.1.1',
162 silly resolved     description: 'Flash message middleware for Connect.',
162 silly resolved     keywords: [ 'connect', 'express', 'flash', 'messages' ],
162 silly resolved     repository:
162 silly resolved      { type: 'git',
162 silly resolved        url: 'git://github.com/jaredhanson/connect-flash.git' },
162 silly resolved     bugs: { url: 'http://github.com/jaredhanson/connect-flash/issues' },
162 silly resolved     author:
162 silly resolved      { name: 'Jared Hanson',
162 silly resolved        email: 'jaredhanson@gmail.com',
162 silly resolved        url: 'http://www.jaredhanson.net/' },
162 silly resolved     licenses: [ [Object] ],
162 silly resolved     main: './lib',
162 silly resolved     dependencies: {},
162 silly resolved     devDependencies: { vows: '0.6.x' },
162 silly resolved     scripts: { test: 'NODE_PATH=lib node_modules/.bin/vows test/*-test.js' },
162 silly resolved     engines: { node: '>= 0.4.0' },
162 silly resolved     _id: 'connect-flash@0.1.1',
162 silly resolved     dist:
162 silly resolved      { shasum: 'd8630f26d95a7f851f9956b1e8cc6732f3b6aa30',
162 silly resolved        tarball: 'https://registry.npmjs.org/connect-flash/-/connect-flash-0.1.1.tgz' },
162 silly resolved     _npmVersion: '1.1.62',
162 silly resolved     _npmUser: { name: 'jaredhanson', email: 'jaredhanson@gmail.com' },
162 silly resolved     maintainers: [ [Object] ],
162 silly resolved     directories: {},
162 silly resolved     _shasum: 'd8630f26d95a7f851f9956b1e8cc6732f3b6aa30',
162 silly resolved     _from: 'connect-flash@^0.1.1',
162 silly resolved     _resolved: 'https://registry.npmjs.org/connect-flash/-/connect-flash-0.1.1.tgz',
162 silly resolved     readme: 'ERROR: No README data found!',
162 silly resolved     homepage: 'https://github.com/jaredhanson/connect-flash#readme' },
162 silly resolved   { name: 'body-parser',
162 silly resolved     description: 'Node.js body parsing middleware',
162 silly resolved     version: '1.18.3',
162 silly resolved     contributors: [ [Object], [Object] ],
162 silly resolved     license: 'MIT',
162 silly resolved     repository:
162 silly resolved      { type: 'git',
162 silly resolved        url: 'git+https://github.com/expressjs/body-parser.git' },
162 silly resolved     dependencies:
162 silly resolved      { bytes: '3.0.0',
162 silly resolved        'content-type': '~1.0.4',
162 silly resolved        debug: '2.6.9',
162 silly resolved        depd: '~1.1.2',
162 silly resolved        'http-errors': '~1.6.3',
162 silly resolved        'iconv-lite': '0.4.23',
162 silly resolved        'on-finished': '~2.3.0',
162 silly resolved        qs: '6.5.2',
162 silly resolved        'raw-body': '2.3.3',
162 silly resolved        'type-is': '~1.6.16' },
162 silly resolved     devDependencies:
162 silly resolved      { eslint: '4.19.1',
162 silly resolved        'eslint-config-standard': '11.0.0',
162 silly resolved        'eslint-plugin-import': '2.11.0',
162 silly resolved        'eslint-plugin-markdown': '1.0.0-beta.6',
162 silly resolved        'eslint-plugin-node': '6.0.1',
162 silly resolved        'eslint-plugin-promise': '3.7.0',
162 silly resolved        'eslint-plugin-standard': '3.1.0',
162 silly resolved        istanbul: '0.4.5',
162 silly resolved        methods: '1.1.2',
162 silly resolved        mocha: '2.5.3',
162 silly resolved        'safe-buffer': '5.1.2',
162 silly resolved        supertest: '1.1.0' },
162 silly resolved     files: [ 'lib/', 'LICENSE', 'HISTORY.md', 'index.js' ],
162 silly resolved     engines: { node: '>= 0.8' },
162 silly resolved     scripts:
162 silly resolved      { lint: 'eslint --plugin markdown --ext js,md .',
162 silly resolved        test: 'mocha --require test/support/env --reporter spec --check-leaks --bail test/',
162 silly resolved        'test-cov': 'istanbul cover node_modules/mocha/bin/_mocha -- --require test/support/env --reporter dot --check-leaks test/',
162 silly resolved        'test-travis': 'istanbul cover node_modules/mocha/bin/_mocha --report lcovonly -- --require test/support/env --reporter spec --check-leaks test/' },
162 silly resolved     gitHead: 'e6ccf98015fece0851c0c673fc2776c30ad79e5d',
162 silly resolved     bugs: { url: 'https://github.com/expressjs/body-parser/issues' },
162 silly resolved     homepage: 'https://github.com/expressjs/body-parser#readme',
162 silly resolved     _id: 'body-parser@1.18.3',
162 silly resolved     _shasum: '5b292198ffdd553b3a0f20ded0592b956955c8b4',
162 silly resolved     _from: 'body-parser@^1.18.3',
162 silly resolved     _npmVersion: '3.10.10',
162 silly resolved     _nodeVersion: '6.14.2',
162 silly resolved     _npmUser: { name: 'dougwilson', email: 'doug@somethingdoug.com' },
162 silly resolved     dist:
162 silly resolved      { shasum: '5b292198ffdd553b3a0f20ded0592b956955c8b4',
162 silly resolved        tarball: 'https://registry.npmjs.org/body-parser/-/body-parser-1.18.3.tgz',
162 silly resolved        fileCount: 10,
162 silly resolved        unpackedSize: 55897,
162 silly resolved        'npm-signature': '-----BEGIN PGP SIGNATURE-----\r\nVersion: OpenPGP.js v3.0.4\r\nComment: https://openpgpjs.org\r\n\r\nwsFcBAEBCAAQBQJa+cRxCRA9TVsSAnZWagAAr+wP/jRF3kZaSUPcjTUOxoqN\nlSEgHs4ISF5j2kqTPeArKhG5cgmvygc9gRtNdjtfLGHbQAjyZtA8tzBdsXZG\n3KuehVC9hf/eUIeQbVTjaxrgX0jevrF4igcmM4tRI17JzFvq1+oCz9aAk99e\n3SljKbwvFPopbM5F5BraVbOpIYCO140dVVBrV9gHOBb+65hme0PzfBdru/Bg\nZ1UnDi9l/lEGhCy+HFlSGw+T9ev0KcgzcslA/9vJBAFyYMXVfFFI+jY2+O4P\nJ35s40gbQ1V/idGM4IfmCg5IhwmvpJ902bpXJEokVgGKcw/mMv3TQpBKov2I\nOxAIIRLr2w/1Kl2d8+jMLcbkIoSD7wutdV5i+rsUR5XJURbsDuitYJbcRvJw\n5MS0bQ5aVI83TOr/35z8671ciWqpM+Ru+7eiMjQzgUOWt2qKuOB0Bi/xhr8J\nXGWbqLwl1PWxJXgGJqAJ7rvXNOmAexqJmyk1mPHDJnpjaFRKnCpDrUbuX4Cm\nw52bjMIW+wYC/zKnUMCJ+5n4gBw0jWzFUsoTCses91YZHMDVNb1tOo2Sjbwp\nxLKIWDuNDQC3lxfuCSxC7Qe3PayQGnOCwoP3o6GM89YFAhFOWgPvgBpvjfWm\niJlgG/dUsGIAY3Gz0i7abBGyeJJAuA+CwFpfERMcEE4HwcJhzOrG7g0prSD9\n3nNl\r\n=47oB\r\n-----END PGP SIGNATURE-----\r\n' },
162 silly resolved     maintainers: [ [Object] ],
162 silly resolved     directories: {},
162 silly resolved     _npmOperationalInternal:
162 silly resolved      { host: 's3://npm-registry-packages',
162 silly resolved        tmp: 'tmp/body-parser_1.18.3_1526318192390_0.5591283803389704' },
162 silly resolved     _hasShrinkwrap: false,
162 silly resolved     _resolved: 'https://registry.npmjs.org/body-parser/-/body-parser-1.18.3.tgz',
162 silly resolved     readme: 'ERROR: No README data found!' },
162 silly resolved   { name: 'express',
162 silly resolved     description: 'Fast, unopinionated, minimalist web framework',
162 silly resolved     version: '4.16.4',
162 silly resolved     author: { name: 'TJ Holowaychuk', email: 'tj@vision-media.ca' },
162 silly resolved     contributors:
162 silly resolved      [ [Object],
162 silly resolved        [Object],
162 silly resolved        [Object],
162 silly resolved        [Object],
162 silly resolved        [Object],
162 silly resolved        [Object],
162 silly resolved        [Object] ],
162 silly resolved     license: 'MIT',
162 silly resolved     repository:
162 silly resolved      { type: 'git',
162 silly resolved        url: 'git+https://github.com/expressjs/express.git' },
162 silly resolved     homepage: 'http://expressjs.com/',
162 silly resolved     keywords:
162 silly resolved      [ 'express',
162 silly resolved        'framework',
162 silly resolved        'sinatra',
162 silly resolved        'web',
162 silly resolved        'rest',
162 silly resolved        'restful',
162 silly resolved        'router',
162 silly resolved        'app',
162 silly resolved        'api' ],
162 silly resolved     dependencies:
162 silly resolved      { accepts: '~1.3.5',
162 silly resolved        'array-flatten': '1.1.1',
162 silly resolved        'body-parser': '1.18.3',
162 silly resolved        'content-disposition': '0.5.2',
162 silly resolved        'content-type': '~1.0.4',
162 silly resolved        cookie: '0.3.1',
162 silly resolved        'cookie-signature': '1.0.6',
162 silly resolved        debug: '2.6.9',
162 silly resolved        depd: '~1.1.2',
162 silly resolved        encodeurl: '~1.0.2',
162 silly resolved        'escape-html': '~1.0.3',
162 silly resolved        etag: '~1.8.1',
162 silly resolved        finalhandler: '1.1.1',
162 silly resolved        fresh: '0.5.2',
162 silly resolved        'merge-descriptors': '1.0.1',
162 silly resolved        methods: '~1.1.2',
162 silly resolved        'on-finished': '~2.3.0',
162 silly resolved        parseurl: '~1.3.2',
162 silly resolved        'path-to-regexp': '0.1.7',
162 silly resolved        'proxy-addr': '~2.0.4',
162 silly resolved        qs: '6.5.2',
162 silly resolved        'range-parser': '~1.2.0',
162 silly resolved        'safe-buffer': '5.1.2',
162 silly resolved        send: '0.16.2',
162 silly resolved        'serve-static': '1.13.2',
162 silly resolved        setprototypeof: '1.1.0',
162 silly resolved        statuses: '~1.4.0',
162 silly resolved        'type-is': '~1.6.16',
162 silly resolved        'utils-merge': '1.0.1',
162 silly resolved        vary: '~1.1.2' },
162 silly resolved     devDependencies:
162 silly resolved      { after: '0.8.2',
162 silly resolved        'connect-redis': '3.4.0',
162 silly resolved        'cookie-parser': '~1.4.3',
162 silly resolved        'cookie-session': '1.3.2',
162 silly resolved        ejs: '2.6.1',
162 silly resolved        eslint: '2.13.1',
162 silly resolved        'express-session': '1.15.6',
162 silly resolved        hbs: '4.0.1',
162 silly resolved        istanbul: '0.4.5',
162 silly resolved        marked: '0.5.1',
162 silly resolved        'method-override': '3.0.0',
162 silly resolved        mocha: '5.2.0',
162 silly resolved        morgan: '1.9.1',
162 silly resolved        multiparty: '4.2.1',
162 silly resolved        'pbkdf2-password': '1.2.1',
162 silly resolved        should: '13.2.3',
162 silly resolved        supertest: '3.3.0',
162 silly resolved        vhost: '~3.0.2' },
162 silly resolved     engines: { node: '>= 0.10.0' },
162 silly resolved     scripts:
162 silly resolved      { lint: 'eslint .',
162 silly resolved        test: 'mocha --require test/support/env --reporter spec --bail --check-leaks test/ test/acceptance/',
162 silly resolved        'test-ci': 'istanbul cover node_modules/mocha/bin/_mocha --report lcovonly -- --require test/support/env --reporter spec --check-leaks test/ test/acceptance/',
162 silly resolved        'test-cov': 'istanbul cover node_modules/mocha/bin/_mocha -- --require test/support/env --reporter dot --check-leaks test/ test/acceptance/',
162 silly resolved        'test-tap': 'mocha --require test/support/env --reporter tap --check-leaks test/ test/acceptance/' },
162 silly resolved     gitHead: 'dc538f6e810bd462c98ee7e6aae24c64d4b1da93',
162 silly resolved     bugs: { url: 'https://github.com/expressjs/express/issues' },
162 silly resolved     _id: 'express@4.16.4',
162 silly resolved     _npmVersion: '6.4.1',
162 silly resolved     _nodeVersion: '8.12.0',
162 silly resolved     _npmUser: { name: 'dougwilson', email: 'doug@somethingdoug.com' },
162 silly resolved     dist:
162 silly resolved      { integrity: 'sha512-j12Uuyb4FMrd/qQAm6uCHAkPtO8FDTRJZBDd5D2KOL2eLaz1yUNdUB/NOIyq0iU4q4cFarsUCrnFDPBcnksuOg==',
162 silly resolved        shasum: 'fddef61926109e24c515ea97fd2f1bdbf62df12e',
162 silly resolved        tarball: 'https://registry.npmjs.org/express/-/express-4.16.4.tgz',
162 silly resolved        fileCount: 16,
162 silly resolved        unpackedSize: 206123,
162 silly resolved        'npm-signature': '-----BEGIN PGP SIGNATURE-----\r\nVersion: OpenPGP.js v3.0.4\r\nComment: https://openpgpjs.org\r\n\r\nwsFcBAEBCAAQBQJbvsqSCRA9TVsSAnZWagAAPFwP/iCvznxNrmvgY9ox7w2k\ncS/ej9HZJ5NGjBEWtae1F2bjJ2V7rOxVTGTlqiPMSNIzTgw3fpFkIXp9kCA4\nY03NOsYUjYscGjXR6f2fvOVJ/Si5FKlqr7Ow6WMBClrdo/CMCc8kH9fxtPja\nHla58xiU7ftlzUHIjGmmnHFzAjAeGj+3e3v1omuoeP6mPuxlwYoQ0MuD0sFa\n9qJAFZ0MBrfvoQBI8G++GZZhxalhefuibWi1ErRw3F5cLfvhjKi4HGPh+sDu\nc63D99wQIJIq4HumwX0JNW7OywuL28wgxgtvKyg0iCVR/BnAYiEA0UZUVI4h\nsX1Kuht1oHEp1iGOvGALYotPiovnDCAra+2zPM1p8oZKdXHEpkAygG3mCiD5\nyWlWrFo5jJudULWzMtHp6F0RwQJjpSavnkbusKWZvO717/1Ku5FIM4cnTWVK\nELGmb011jRPMvwFqv1C04SvhBT+UrXe4kd0qwJWQEDT1aWzbjbaroPmVQ+l1\nxzUkHRHm7vYCBE0RxQ4FImNWlYYQVVyBSroYwxvJnP6H8m/DR7oxDPDoJcBn\nXXETuH8Ca+q8KjwdrstVXCwKfB+zs0Z41/oOWKrhsDY2B9HwmyOOA8EtG4QO\np2waBrigD8L4T/Y3II4T144z2MclVid7DulrzKCMiE6yoTqvrH64FfWkLQqG\n11u8\r\n=ZruB\r\n-----END PGP SIGNATURE-----\r\n' },
162 silly resolved     maintainers: [ [Object], [Object], [Object], [Object] ],
162 silly resolved     directories: {},
162 silly resolved     _npmOperationalInternal:
162 silly resolved      { host: 's3://npm-registry-packages',
162 silly resolved        tmp: 'tmp/express_4.16.4_1539230354097_0.4680196437483164' },
162 silly resolved     _hasShrinkwrap: false,
162 silly resolved     _shasum: 'fddef61926109e24c515ea97fd2f1bdbf62df12e',
162 silly resolved     _from: 'express@^4.16.4',
162 silly resolved     _resolved: 'https://registry.npmjs.org/express/-/express-4.16.4.tgz',
162 silly resolved     readme: 'ERROR: No README data found!' } ]
163 info install cookie-parser@1.4.3 into /home/pi/Serwer/h2lo
164 info install connect-flash@0.1.1 into /home/pi/Serwer/h2lo
165 info install body-parser@1.18.3 into /home/pi/Serwer/h2lo
166 info install express@4.16.4 into /home/pi/Serwer/h2lo
167 info installOne cookie-parser@1.4.3
168 info installOne connect-flash@0.1.1
169 info installOne body-parser@1.18.3
170 info installOne express@4.16.4
171 verbose node_modules/cookie-parser unbuild
172 info preuninstall cookie-parser@1.4.3
173 verbose node_modules/connect-flash unbuild
174 info preuninstall connect-flash@0.1.1
175 verbose node_modules/body-parser unbuild
176 info preuninstall body-parser@1.18.3
177 verbose node_modules/express unbuild
178 info preuninstall express@4.16.4
179 info uninstall cookie-parser@1.4.3
180 info uninstall connect-flash@0.1.1
181 info uninstall body-parser@1.18.3
182 info uninstall express@4.16.4
183 verbose true,/home/pi/Serwer/h2lo/node_modules,/home/pi/Serwer/h2lo/node_modules unbuild cookie-parser@1.4.3
184 info postuninstall cookie-parser@1.4.3
185 verbose true,/home/pi/Serwer/h2lo/node_modules,/home/pi/Serwer/h2lo/node_modules unbuild connect-flash@0.1.1
186 info postuninstall connect-flash@0.1.1
187 verbose true,/home/pi/Serwer/h2lo/node_modules,/home/pi/Serwer/h2lo/node_modules unbuild body-parser@1.18.3
188 info postuninstall body-parser@1.18.3
189 verbose true,/home/pi/Serwer/h2lo/node_modules,/home/pi/Serwer/h2lo/node_modules unbuild express@4.16.4
190 info postuninstall express@4.16.4
191 verbose tar unpack /root/.npm/cookie-parser/1.4.3/package.tgz
192 silly lockFile a70ed870--h2lo-node-modules-cookie-parser tar:///home/pi/Serwer/h2lo/node_modules/cookie-parser
193 verbose lock tar:///home/pi/Serwer/h2lo/node_modules/cookie-parser /root/.npm/a70ed870--h2lo-node-modules-cookie-parser.lock
194 silly lockFile b61884e2--cookie-parser-1-4-3-package-tgz tar:///root/.npm/cookie-parser/1.4.3/package.tgz
195 verbose lock tar:///root/.npm/cookie-parser/1.4.3/package.tgz /root/.npm/b61884e2--cookie-parser-1-4-3-package-tgz.lock
196 silly gunzTarPerm modes [ '755', '644' ]
197 verbose tar unpack /root/.npm/connect-flash/0.1.1/package.tgz
198 silly lockFile 9d9f0da2--h2lo-node-modules-connect-flash tar:///home/pi/Serwer/h2lo/node_modules/connect-flash
199 verbose lock tar:///home/pi/Serwer/h2lo/node_modules/connect-flash /root/.npm/9d9f0da2--h2lo-node-modules-connect-flash.lock
200 silly lockFile 15736aba--connect-flash-0-1-1-package-tgz tar:///root/.npm/connect-flash/0.1.1/package.tgz
201 verbose lock tar:///root/.npm/connect-flash/0.1.1/package.tgz /root/.npm/15736aba--connect-flash-0-1-1-package-tgz.lock
202 silly gunzTarPerm modes [ '755', '644' ]
203 verbose tar unpack /root/.npm/body-parser/1.18.3/package.tgz
204 silly lockFile 6768236d-er-h2lo-node-modules-body-parser tar:///home/pi/Serwer/h2lo/node_modules/body-parser
205 verbose lock tar:///home/pi/Serwer/h2lo/node_modules/body-parser /root/.npm/6768236d-er-h2lo-node-modules-body-parser.lock
206 silly lockFile 367fee1e-m-body-parser-1-18-3-package-tgz tar:///root/.npm/body-parser/1.18.3/package.tgz
207 verbose lock tar:///root/.npm/body-parser/1.18.3/package.tgz /root/.npm/367fee1e-m-body-parser-1-18-3-package-tgz.lock
208 verbose tar unpack /root/.npm/express/4.16.4/package.tgz
209 silly lockFile 69307510-Serwer-h2lo-node-modules-express tar:///home/pi/Serwer/h2lo/node_modules/express
210 verbose lock tar:///home/pi/Serwer/h2lo/node_modules/express /root/.npm/69307510-Serwer-h2lo-node-modules-express.lock
211 silly lockFile 05c89447-t-npm-express-4-16-4-package-tgz tar:///root/.npm/express/4.16.4/package.tgz
212 verbose lock tar:///root/.npm/express/4.16.4/package.tgz /root/.npm/05c89447-t-npm-express-4-16-4-package-tgz.lock
213 silly gunzTarPerm extractEntry package.json
214 silly gunzTarPerm modified mode [ 'package.json', 438, 420 ]
215 silly gunzTarPerm modes [ '755', '644' ]
216 silly gunzTarPerm modes [ '755', '644' ]
217 silly gunzTarPerm extractEntry package.json
218 silly gunzTarPerm extractEntry README.md
219 silly gunzTarPerm modified mode [ 'README.md', 438, 420 ]
220 silly gunzTarPerm extractEntry LICENSE
221 silly gunzTarPerm modified mode [ 'LICENSE', 438, 420 ]
222 silly gunzTarPerm extractEntry package.json
223 silly gunzTarPerm extractEntry README.md
224 silly gunzTarPerm extractEntry LICENSE
225 silly gunzTarPerm extractEntry package.json
226 silly gunzTarPerm extractEntry README.md
227 silly gunzTarPerm extractEntry LICENSE
228 silly gunzTarPerm extractEntry index.js
229 silly gunzTarPerm extractEntry HISTORY.md
230 silly gunzTarPerm extractEntry lib/read.js
231 silly gunzTarPerm extractEntry lib/types/json.js
232 silly gunzTarPerm extractEntry lib/types/raw.js
233 silly gunzTarPerm extractEntry lib/types/text.js
234 silly gunzTarPerm extractEntry lib/types/urlencoded.js
235 silly gunzTarPerm extractEntry History.md
236 silly gunzTarPerm extractEntry index.js
237 silly gunzTarPerm extractEntry index.js
238 silly gunzTarPerm modified mode [ 'index.js', 438, 420 ]
239 silly gunzTarPerm extractEntry HISTORY.md
240 silly gunzTarPerm modified mode [ 'HISTORY.md', 438, 420 ]
241 silly gunzTarPerm extractEntry .travis.yml
242 silly gunzTarPerm extractEntry lib/flash.js
243 silly gunzTarPerm extractEntry LICENSE
244 silly gunzTarPerm extractEntry Readme.md
245 silly gunzTarPerm extractEntry lib/application.js
246 silly gunzTarPerm extractEntry lib/express.js
247 silly gunzTarPerm extractEntry lib/index.js
248 silly gunzTarPerm extractEntry lib/middleware/init.js
249 silly gunzTarPerm extractEntry lib/middleware/query.js
250 silly gunzTarPerm extractEntry lib/request.js
251 silly gunzTarPerm extractEntry lib/response.js
252 silly gunzTarPerm extractEntry lib/router/index.js
253 silly gunzTarPerm extractEntry lib/router/layer.js
254 silly gunzTarPerm extractEntry lib/router/route.js
255 silly gunzTarPerm extractEntry lib/utils.js
256 silly lockFile a70ed870--h2lo-node-modules-cookie-parser tar:///home/pi/Serwer/h2lo/node_modules/cookie-parser
257 silly lockFile a70ed870--h2lo-node-modules-cookie-parser tar:///home/pi/Serwer/h2lo/node_modules/cookie-parser
258 silly lockFile b61884e2--cookie-parser-1-4-3-package-tgz tar:///root/.npm/cookie-parser/1.4.3/package.tgz
259 silly lockFile b61884e2--cookie-parser-1-4-3-package-tgz tar:///root/.npm/cookie-parser/1.4.3/package.tgz
260 silly gunzTarPerm extractEntry lib/view.js
261 info preinstall cookie-parser@1.4.3
262 verbose readDependencies using package.json deps
263 verbose readDependencies using package.json deps
264 silly resolved []
265 verbose about to build /home/pi/Serwer/h2lo/node_modules/cookie-parser
266 info build /home/pi/Serwer/h2lo/node_modules/cookie-parser
267 verbose linkStuff [ false, false, false, '/home/pi/Serwer/h2lo/node_modules' ]
268 info linkStuff cookie-parser@1.4.3
269 verbose linkBins cookie-parser@1.4.3
270 verbose linkMans cookie-parser@1.4.3
271 verbose rebuildBundles cookie-parser@1.4.3
272 info install cookie-parser@1.4.3
273 info postinstall cookie-parser@1.4.3
274 silly lockFile 9d9f0da2--h2lo-node-modules-connect-flash tar:///home/pi/Serwer/h2lo/node_modules/connect-flash
275 silly lockFile 9d9f0da2--h2lo-node-modules-connect-flash tar:///home/pi/Serwer/h2lo/node_modules/connect-flash
276 silly lockFile 15736aba--connect-flash-0-1-1-package-tgz tar:///root/.npm/connect-flash/0.1.1/package.tgz
277 silly lockFile 15736aba--connect-flash-0-1-1-package-tgz tar:///root/.npm/connect-flash/0.1.1/package.tgz
278 info preinstall connect-flash@0.1.1
279 verbose readDependencies using package.json deps
280 verbose readDependencies using package.json deps
281 silly resolved []
282 verbose about to build /home/pi/Serwer/h2lo/node_modules/connect-flash
283 info build /home/pi/Serwer/h2lo/node_modules/connect-flash
284 verbose linkStuff [ false, false, false, '/home/pi/Serwer/h2lo/node_modules' ]
285 info linkStuff connect-flash@0.1.1
286 verbose linkBins connect-flash@0.1.1
287 verbose linkMans connect-flash@0.1.1
288 verbose rebuildBundles connect-flash@0.1.1
289 info install connect-flash@0.1.1
290 info postinstall connect-flash@0.1.1
291 silly lockFile 6768236d-er-h2lo-node-modules-body-parser tar:///home/pi/Serwer/h2lo/node_modules/body-parser
292 silly lockFile 6768236d-er-h2lo-node-modules-body-parser tar:///home/pi/Serwer/h2lo/node_modules/body-parser
293 silly lockFile 367fee1e-m-body-parser-1-18-3-package-tgz tar:///root/.npm/body-parser/1.18.3/package.tgz
294 silly lockFile 367fee1e-m-body-parser-1-18-3-package-tgz tar:///root/.npm/body-parser/1.18.3/package.tgz
295 info preinstall body-parser@1.18.3
296 verbose readDependencies using package.json deps
297 verbose readDependencies using package.json deps
298 silly resolved []
299 verbose about to build /home/pi/Serwer/h2lo/node_modules/body-parser
300 info build /home/pi/Serwer/h2lo/node_modules/body-parser
301 verbose linkStuff [ false, false, false, '/home/pi/Serwer/h2lo/node_modules' ]
302 info linkStuff body-parser@1.18.3
303 verbose linkBins body-parser@1.18.3
304 verbose linkMans body-parser@1.18.3
305 verbose rebuildBundles body-parser@1.18.3
306 info install body-parser@1.18.3
307 info postinstall body-parser@1.18.3
308 silly lockFile 69307510-Serwer-h2lo-node-modules-express tar:///home/pi/Serwer/h2lo/node_modules/express
309 silly lockFile 69307510-Serwer-h2lo-node-modules-express tar:///home/pi/Serwer/h2lo/node_modules/express
310 silly lockFile 05c89447-t-npm-express-4-16-4-package-tgz tar:///root/.npm/express/4.16.4/package.tgz
311 silly lockFile 05c89447-t-npm-express-4-16-4-package-tgz tar:///root/.npm/express/4.16.4/package.tgz
312 info preinstall express@4.16.4
313 verbose readDependencies using package.json deps
314 verbose readDependencies using package.json deps
315 verbose cache add [ 'statuses@~1.4.0', null ]
316 verbose cache add name=undefined spec="statuses@~1.4.0" args=["statuses@~1.4.0",null]
317 verbose parsed url Url {
317 verbose parsed url   protocol: null,
317 verbose parsed url   slashes: null,
317 verbose parsed url   auth: null,
317 verbose parsed url   host: null,
317 verbose parsed url   port: null,
317 verbose parsed url   hostname: null,
317 verbose parsed url   hash: null,
317 verbose parsed url   search: null,
317 verbose parsed url   query: null,
317 verbose parsed url   pathname: 'statuses@~1.4.0',
317 verbose parsed url   path: 'statuses@~1.4.0',
317 verbose parsed url   href: 'statuses@~1.4.0' }
318 verbose cache add name="statuses" spec="~1.4.0" args=["statuses","~1.4.0"]
319 verbose parsed url Url {
319 verbose parsed url   protocol: null,
319 verbose parsed url   slashes: null,
319 verbose parsed url   auth: null,
319 verbose parsed url   host: null,
319 verbose parsed url   port: null,
319 verbose parsed url   hostname: null,
319 verbose parsed url   hash: null,
319 verbose parsed url   search: null,
319 verbose parsed url   query: null,
319 verbose parsed url   pathname: '~1.4.0',
319 verbose parsed url   path: '~1.4.0',
319 verbose parsed url   href: '~1.4.0' }
320 verbose addNamed [ 'statuses', '~1.4.0' ]
321 verbose addNamed [ null, '>=1.4.0 <1.5.0' ]
322 silly lockFile 301525a5-statuses-1-4-0 statuses@~1.4.0
323 verbose lock statuses@~1.4.0 /root/.npm/301525a5-statuses-1-4-0.lock
324 silly addNameRange { name: 'statuses', range: '>=1.4.0 <1.5.0', hasData: false }
325 verbose request where is /statuses
326 verbose request registry https://registry.npmjs.org/
327 verbose url raw /statuses
328 verbose url resolving [ 'https://registry.npmjs.org/', './statuses' ]
329 verbose url resolved https://registry.npmjs.org/statuses
330 verbose request where is https://registry.npmjs.org/statuses
331 info trying registry request attempt 1 at 17:23:08
332 verbose etag W/"63bd661bf9a9201656ac6315e90f01bd"
333 http GET https://registry.npmjs.org/statuses
334 http 304 https://registry.npmjs.org/statuses
335 silly registry.get cb [ 304,
335 silly registry.get   { date: 'Thu, 29 Nov 2018 16:23:08 GMT',
335 silly registry.get     connection: 'close',
335 silly registry.get     'set-cookie':
335 silly registry.get      [ '__cfduid=dee503469f7e58eb4520a440d926514ad1543508588; expires=Fri, 29-Nov-19 16:23:08 GMT; path=/; domain=.registry.npmjs.org; HttpOnly' ],
335 silly registry.get     'cf-cache-status': 'HIT',
335 silly registry.get     'cache-control': 'max-age=300',
335 silly registry.get     'cf-ray': '48166ac6597ab83b-WAW',
335 silly registry.get     etag: '"63bd661bf9a9201656ac6315e90f01bd"',
335 silly registry.get     'expect-ct': 'max-age=604800, report-uri="https://report-uri.cloudflare.com/cdn-cgi/beacon/expect-ct"',
335 silly registry.get     'last-modified': 'Sun, 27 May 2018 18:14:13 GMT',
335 silly registry.get     vary: 'accept-encoding, accept',
335 silly registry.get     server: 'cloudflare' } ]
336 verbose etag https://registry.npmjs.org/statuses from cache
337 silly addNameRange number 2 { name: 'statuses', range: '>=1.4.0 <1.5.0', hasData: true }
338 silly addNameRange versions [ 'statuses',
338 silly addNameRange   [ '1.0.1',
338 silly addNameRange     '1.0.2',
338 silly addNameRange     '1.0.3',
338 silly addNameRange     '1.0.4',
338 silly addNameRange     '1.1.0',
338 silly addNameRange     '1.1.1',
338 silly addNameRange     '1.2.0',
338 silly addNameRange     '1.2.1',
338 silly addNameRange     '1.3.0',
338 silly addNameRange     '1.3.1',
338 silly addNameRange     '1.4.0',
338 silly addNameRange     '1.5.0' ] ]
339 verbose addNamed [ 'statuses', '1.4.0' ]
340 verbose addNamed [ '1.4.0', '1.4.0' ]
341 silly lockFile a9c943a6-statuses-1-4-0 statuses@1.4.0
342 verbose lock statuses@1.4.0 /root/.npm/a9c943a6-statuses-1-4-0.lock
343 silly lockFile a9c943a6-statuses-1-4-0 statuses@1.4.0
344 silly lockFile a9c943a6-statuses-1-4-0 statuses@1.4.0
345 silly lockFile 301525a5-statuses-1-4-0 statuses@~1.4.0
346 silly lockFile 301525a5-statuses-1-4-0 statuses@~1.4.0
347 silly resolved [ { name: 'statuses',
347 silly resolved     description: 'HTTP status utility',
347 silly resolved     version: '1.4.0',
347 silly resolved     contributors: [ [Object], [Object] ],
347 silly resolved     repository:
347 silly resolved      { type: 'git',
347 silly resolved        url: 'git+https://github.com/jshttp/statuses.git' },
347 silly resolved     license: 'MIT',
347 silly resolved     keywords: [ 'http', 'status', 'code' ],
347 silly resolved     files: [ 'HISTORY.md', 'index.js', 'codes.json', 'LICENSE' ],
347 silly resolved     devDependencies:
347 silly resolved      { 'csv-parse': '1.2.4',
347 silly resolved        eslint: '3.19.0',
347 silly resolved        'eslint-config-standard': '10.2.1',
347 silly resolved        'eslint-plugin-import': '2.8.0',
347 silly resolved        'eslint-plugin-markdown': '1.0.0-beta.6',
347 silly resolved        'eslint-plugin-node': '5.2.0',
347 silly resolved        'eslint-plugin-promise': '3.6.0',
347 silly resolved        'eslint-plugin-standard': '3.0.1',
347 silly resolved        istanbul: '0.4.5',
347 silly resolved        mocha: '1.21.5',
347 silly resolved        'raw-body': '2.3.2',
347 silly resolved        'stream-to-array': '2.3.0' },
347 silly resolved     engines: { node: '>= 0.6' },
347 silly resolved     scripts:
347 silly resolved      { build: 'node scripts/build.js',
347 silly resolved        fetch: 'node scripts/fetch-apache.js && node scripts/fetch-iana.js && node scripts/fetch-nginx.js && node scripts/fetch-node.js',
347 silly resolved        lint: 'eslint --plugin markdown --ext js,md .',
347 silly resolved        test: 'mocha --reporter spec --check-leaks --bail test/',
347 silly resolved        'test-ci': 'istanbul cover node_modules/mocha/bin/_mocha --report lcovonly -- --reporter spec --check-leaks test/',
347 silly resolved        'test-cov': 'istanbul cover node_modules/mocha/bin/_mocha -- --reporter dot --check-leaks test/',
347 silly resolved        update: 'npm run fetch && npm run build' },
347 silly resolved     gitHead: 'f76682144d9f0ed2c726bf0a8c868a33e393a8e5',
347 silly resolved     bugs: { url: 'https://github.com/jshttp/statuses/issues' },
347 silly resolved     homepage: 'https://github.com/jshttp/statuses#readme',
347 silly resolved     _id: 'statuses@1.4.0',
347 silly resolved     _npmVersion: '5.4.2',
347 silly resolved     _nodeVersion: '6.11.4',
347 silly resolved     _npmUser: { name: 'dougwilson', email: 'doug@somethingdoug.com' },
347 silly resolved     dist:
347 silly resolved      { integrity: 'sha512-zhSCtt8v2NDrRlPQpCNtw/heZLtfUDqxBM1udqikb/Hbk52LK4nQSwr10u77iopCW5LsyHpuXS0GnEc48mLeew==',
347 silly resolved        shasum: 'bb73d446da2796106efcc1b601a253d6c46bd087',
347 silly resolved        tarball: 'https://registry.npmjs.org/statuses/-/statuses-1.4.0.tgz' },
347 silly resolved     maintainers: [ [Object], [Object], [Object], [Object], [Object], [Object] ],
347 silly resolved     _npmOperationalInternal:
347 silly resolved      { host: 's3://npm-registry-packages',
347 silly resolved        tmp: 'tmp/statuses-1.4.0.tgz_1508525480889_0.6966120798606426' },
347 silly resolved     directories: {},
347 silly resolved     _shasum: 'bb73d446da2796106efcc1b601a253d6c46bd087',
347 silly resolved     _from: 'statuses@~1.4.0',
347 silly resolved     _resolved: 'https://registry.npmjs.org/statuses/-/statuses-1.4.0.tgz',
347 silly resolved     readme: 'ERROR: No README data found!' } ]
348 info install statuses@1.4.0 into /home/pi/Serwer/h2lo/node_modules/express
349 info installOne statuses@1.4.0
350 verbose node_modules/express/node_modules/statuses unbuild
351 verbose tar unpack /root/.npm/statuses/1.4.0/package.tgz
352 silly lockFile 6a64c572-es-express-node-modules-statuses tar:///home/pi/Serwer/h2lo/node_modules/express/node_modules/statuses
353 verbose lock tar:///home/pi/Serwer/h2lo/node_modules/express/node_modules/statuses /root/.npm/6a64c572-es-express-node-modules-statuses.lock
354 silly lockFile 8011a375-t-npm-statuses-1-4-0-package-tgz tar:///root/.npm/statuses/1.4.0/package.tgz
355 verbose lock tar:///root/.npm/statuses/1.4.0/package.tgz /root/.npm/8011a375-t-npm-statuses-1-4-0-package-tgz.lock
356 silly gunzTarPerm modes [ '755', '644' ]
357 silly gunzTarPerm extractEntry package.json
358 silly gunzTarPerm extractEntry codes.json
359 silly gunzTarPerm extractEntry HISTORY.md
360 silly gunzTarPerm extractEntry index.js
361 silly gunzTarPerm extractEntry LICENSE
362 silly gunzTarPerm extractEntry README.md
363 silly lockFile 6a64c572-es-express-node-modules-statuses tar:///home/pi/Serwer/h2lo/node_modules/express/node_modules/statuses
364 silly lockFile 6a64c572-es-express-node-modules-statuses tar:///home/pi/Serwer/h2lo/node_modules/express/node_modules/statuses
365 silly lockFile 8011a375-t-npm-statuses-1-4-0-package-tgz tar:///root/.npm/statuses/1.4.0/package.tgz
366 silly lockFile 8011a375-t-npm-statuses-1-4-0-package-tgz tar:///root/.npm/statuses/1.4.0/package.tgz
367 info preinstall statuses@1.4.0
368 verbose readDependencies using package.json deps
369 verbose readDependencies using package.json deps
370 silly resolved []
371 verbose about to build /home/pi/Serwer/h2lo/node_modules/express/node_modules/statuses
372 info build /home/pi/Serwer/h2lo/node_modules/express/node_modules/statuses
373 verbose linkStuff [ false,
373 verbose linkStuff   false,
373 verbose linkStuff   false,
373 verbose linkStuff   '/home/pi/Serwer/h2lo/node_modules/express/node_modules' ]
374 info linkStuff statuses@1.4.0
375 verbose linkBins statuses@1.4.0
376 verbose linkMans statuses@1.4.0
377 verbose rebuildBundles statuses@1.4.0
378 info install statuses@1.4.0
379 info postinstall statuses@1.4.0
380 verbose about to build /home/pi/Serwer/h2lo/node_modules/express
381 info build /home/pi/Serwer/h2lo/node_modules/express
382 verbose linkStuff [ false, false, false, '/home/pi/Serwer/h2lo/node_modules' ]
383 info linkStuff express@4.16.4
384 verbose linkBins express@4.16.4
385 verbose linkMans express@4.16.4
386 verbose rebuildBundles express@4.16.4
387 verbose rebuildBundles [ 'statuses' ]
388 info install express@4.16.4
389 info postinstall express@4.16.4
390 error peerinvalid The package knex does not satisfy its siblings' peerDependencies requirements!
390 error peerinvalid Peer bookshelf@0.13.3 wants knex@>=0.6.10 <0.15.0
391 error System Linux 4.14.34-v7+
392 error command "/usr/bin/node" "/usr/bin/npm" "install" "express" "body-parser" "cookie-parser" "connect-flash" "--save"
393 error cwd /home/pi/Serwer/h2lo
394 error node -v v8.11.1
395 error npm -v 1.4.21
396 error code EPEERINVALID
397 verbose exit [ 1, true ]
